

Microchip Technology PIC LITE Macro Assembler V2.00 build -1524193055 
                                                                                               Mon Oct 29 09:54:25 2018

Microchip Technology Omniscient Code Generator v2.00 (Free mode) build 20180527130849
     1  0000                     
      + 0000                     
     2                           ; Version 2.00
     3                           ; Generated 27/05/2018 GMT
     4                           
     5                           ; 
     6                           ; Copyright © 2018, Microchip Technology Inc. and its subsidiaries ("Microchip")
     7                           ; All rights reserved.
     8                           ; 
     9                           ; This software is developed by Microchip Technology Inc. and its subsidiaries ("Microch
                                 ip").
    10                           ; 
    11                           ; Redistribution and use in source and binary forms, with or without modification, are
    12                           ; permitted provided that the following conditions are met:
    13                           ; 
    14                           ;     1. Redistributions of source code must retain the above copyright notice, this lis
                                 t of
    15                           ;        conditions and the following disclaimer.
    16                           ; 
    17                           ;     2. Redistributions in binary form must reproduce the above copyright notice, this 
                                 list
    18                           ;        of conditions and the following disclaimer in the documentation and/or other
    19                           ;        materials provided with the distribution.
    20                           ; 
    21                           ;     3. Microchip's name may not be used to endorse or promote products derived from th
                                 is
    22                           ;        software without specific prior written permission.
    23                           ; 
    24                           ; THIS SOFTWARE IS PROVIDED BY MICROCHIP "AS IS" AND ANY EXPRESS OR IMPLIED WARRANTIES,

    25                           ; INCLUDING, BUT NOT LIMITED TO, THE IMPLIED WARRANTIES OF MERCHANTABILITY AND FITNESS F
                                 OR
    26                           ; PURPOSE ARE DISCLAIMED.  IN NO EVENT SHALL MICROCHIP BE LIABLE FOR ANY DIRECT, INDIREC
                                 T,
    27                           ; INCIDENTAL, SPECIAL, EXEMPLARY, OR CONSEQUENTIAL DAMAGES (INCLUDING BUT NOT LIMITED TO
                                 
    28                           ; PROCUREMENT OF SUBSTITUTE GOODS OR SERVICES; LOSS OF USE, DATA OR PROFITS; OR BUSINESS
                                 
    29                           ; INTERRUPTION) HOWSOEVER CAUSED AND ON ANY THEORY OF LIABILITY, WHETHER IN CONTRACT, ST
                                 RICT
    30                           ; LIABILITY, OR TORT (INCLUDING NEGLIGENCE OR OTHERWISE) ARISING IN ANY WAY OUT OF THE U
                                 SE OF
    31                           ; THIS SOFTWARE, EVEN IF ADVISED OF THE POSSIBILITY OF SUCH DAMAGE.
    32                           ; 
    33                           
    34                           
    35                           ; 
    36                           ; Code-generator required, PIC16F630 Definitions
    37                           ; 
    38  0004                     fsr0 equ 04h
    39  0004                     indf equ 00h
    40  0000                     indf0 equ 00h
    41  0000                     pc equ 02h
    42  0002                     pcl equ 02h
    43  0002                     pclath equ 0Ah
    44  000A                     status equ 03h
    45  0003                     
     2                           opt pagewidth 120
     3  0000                     byte0	macro	val
     4                           	(getbyte(val,0))
     5                           endm
     6  0000                     byte1	macro	val
     7                           	(getbyte(val,1))
     8                           endm
     9  0000                     byte2	macro	val
    10                           	(getbyte(val,2))
    11                           endm
    12  0000                     byte3	macro	val
    13                           	(getbyte(val,3))
    14                           endm
    15  0000                     byte4	macro	val
    16                           	(getbyte(val,4))
    17                           endm
    18  0000                     byte5	macro	val
    19                           	(getbyte(val,5))
    20                           endm
    21  0000                     byte6	macro	val
    22                           	(getbyte(val,6))
    23                           endm
    24  0000                     byte7	macro	val
    25                           	(getbyte(val,7))
    26                           endm
    27  0000                     getword	macro	val,pos
    28                           	(((val) >> (8 * pos)) and 0xffff)
    29                           endm
    30  0000                     word0	macro	val
    31                           	(getword(val,0))
    32                           endm
    33  0000                     word1	macro	val
    34                           	(getword(val,2))
    35                           endm
    36  0000                     word2	macro	val
    37                           	(getword(val,4))
    38                           endm
    39  0000                     word3	macro	val
    40                           	(getword(val,6))
    41                           endm
    42  0000                     gettword	macro	val,pos
    43                           	(((val) >> (8 * pos)) and 0xffffff)
    44                           endm
    45  0000                     tword0	macro	val
    46                           	(gettword(val,0))
    47                           endm
    48  0000                     tword1	macro	val
    49                           	(gettword(val,3))
    50                           endm
    51  0000                     tword2	macro	val
    52                           	(gettword(val,6))
    53                           endm
    54  0000                     getdword	macro	val,pos
    55                           	(((val) >> (8 * pos)) and 0xffffffff)
    56                           endm
    57  0000                     dword0	macro	val
    58                           	(getdword(val,0))
    59                           endm
    60  0000                     dword1	macro	val
    61                           	(getdword(val,4))
    62                           endm
    63  0000                     clrc	macro
    64                           	bcf	3,0
    65                           	endm
    66  0000                     clrz	macro
    67                           	bcf	3,2
    68                           	endm
    69  0000                     setc	macro
    70                           	bsf	3,0
    71                           	endm
    72  0000                     setz	macro
    73                           	bsf	3,2
    74                           	endm
    75  0000                     skipc	macro
    76                           	btfss	3,0
    77                           	endm
    78  0000                     skipz	macro
    79                           	btfss	3,2
    80                           	endm
    81  0000                     skipnc	macro
    82                           	btfsc	3,0
    83                           	endm
    84  0000                     skipnz	macro
    85                           	btfsc	3,2
    86                           	endm
    87  0000                     # 54 "C:\Program Files (x86)\Microchip\xc8\v2.00\pic\include\pic16f630.h"
    88                           INDF equ 00h ;# 
    89  0000                     # 61 "C:\Program Files (x86)\Microchip\xc8\v2.00\pic\include\pic16f630.h"
    90                           TMR0 equ 01h ;# 
    91  0001                     # 68 "C:\Program Files (x86)\Microchip\xc8\v2.00\pic\include\pic16f630.h"
    92                           PCL equ 02h ;# 
    93  0002                     # 75 "C:\Program Files (x86)\Microchip\xc8\v2.00\pic\include\pic16f630.h"
    94                           STATUS equ 03h ;# 
    95  0003                     # 161 "C:\Program Files (x86)\Microchip\xc8\v2.00\pic\include\pic16f630.h"
    96                           FSR equ 04h ;# 
    97  0004                     # 168 "C:\Program Files (x86)\Microchip\xc8\v2.00\pic\include\pic16f630.h"
    98                           PORTA equ 05h ;# 
    99  0005                     # 218 "C:\Program Files (x86)\Microchip\xc8\v2.00\pic\include\pic16f630.h"
   100                           PORTC equ 07h ;# 
   101  0007                     # 268 "C:\Program Files (x86)\Microchip\xc8\v2.00\pic\include\pic16f630.h"
   102                           PCLATH equ 0Ah ;# 
   103  000A                     # 288 "C:\Program Files (x86)\Microchip\xc8\v2.00\pic\include\pic16f630.h"
   104                           INTCON equ 0Bh ;# 
   105  000B                     # 366 "C:\Program Files (x86)\Microchip\xc8\v2.00\pic\include\pic16f630.h"
   106                           PIR1 equ 0Ch ;# 
   107  000C                     # 408 "C:\Program Files (x86)\Microchip\xc8\v2.00\pic\include\pic16f630.h"
   108                           TMR1 equ 0Eh ;# 
   109  000E                     # 415 "C:\Program Files (x86)\Microchip\xc8\v2.00\pic\include\pic16f630.h"
   110                           TMR1L equ 0Eh ;# 
   111  000E                     # 422 "C:\Program Files (x86)\Microchip\xc8\v2.00\pic\include\pic16f630.h"
   112                           TMR1H equ 0Fh ;# 
   113  000F                     # 429 "C:\Program Files (x86)\Microchip\xc8\v2.00\pic\include\pic16f630.h"
   114                           T1CON equ 010h ;# 
   115  0010                     # 494 "C:\Program Files (x86)\Microchip\xc8\v2.00\pic\include\pic16f630.h"
   116                           CMCON equ 019h ;# 
   117  0019                     # 553 "C:\Program Files (x86)\Microchip\xc8\v2.00\pic\include\pic16f630.h"
   118                           OPTION_REG equ 081h ;# 
   119  0081                     # 630 "C:\Program Files (x86)\Microchip\xc8\v2.00\pic\include\pic16f630.h"
   120                           TRISA equ 085h ;# 
   121  0085                     # 680 "C:\Program Files (x86)\Microchip\xc8\v2.00\pic\include\pic16f630.h"
   122                           TRISC equ 087h ;# 
   123  0087                     # 730 "C:\Program Files (x86)\Microchip\xc8\v2.00\pic\include\pic16f630.h"
   124                           PIE1 equ 08Ch ;# 
   125  008C                     # 772 "C:\Program Files (x86)\Microchip\xc8\v2.00\pic\include\pic16f630.h"
   126                           PCON equ 08Eh ;# 
   127  008E                     # 806 "C:\Program Files (x86)\Microchip\xc8\v2.00\pic\include\pic16f630.h"
   128                           OSCCAL equ 090h ;# 
   129  0090                     # 866 "C:\Program Files (x86)\Microchip\xc8\v2.00\pic\include\pic16f630.h"
   130                           WPUA equ 095h ;# 
   131  0095                     # 871 "C:\Program Files (x86)\Microchip\xc8\v2.00\pic\include\pic16f630.h"
   132                           WPU equ 095h ;# 
   133  0095                     # 954 "C:\Program Files (x86)\Microchip\xc8\v2.00\pic\include\pic16f630.h"
   134                           IOCA equ 096h ;# 
   135  0096                     # 959 "C:\Program Files (x86)\Microchip\xc8\v2.00\pic\include\pic16f630.h"
   136                           IOC equ 096h ;# 
   137  0096                     # 1052 "C:\Program Files (x86)\Microchip\xc8\v2.00\pic\include\pic16f630.h"
   138                           VRCON equ 099h ;# 
   139  0099                     # 1112 "C:\Program Files (x86)\Microchip\xc8\v2.00\pic\include\pic16f630.h"
   140                           EEDAT equ 09Ah ;# 
   141  009A                     # 1117 "C:\Program Files (x86)\Microchip\xc8\v2.00\pic\include\pic16f630.h"
   142                           EEDATA equ 09Ah ;# 
   143  009A                     # 1150 "C:\Program Files (x86)\Microchip\xc8\v2.00\pic\include\pic16f630.h"
   144                           EEADR equ 09Bh ;# 
   145  009B                     # 1157 "C:\Program Files (x86)\Microchip\xc8\v2.00\pic\include\pic16f630.h"
   146                           EECON1 equ 09Ch ;# 
   147  009C                     # 1195 "C:\Program Files (x86)\Microchip\xc8\v2.00\pic\include\pic16f630.h"
   148                           EECON2 equ 09Dh ;# 
   149  009D                     # 54 "C:\Program Files (x86)\Microchip\xc8\v2.00\pic\include\pic16f630.h"
   150                           INDF equ 00h ;# 
   151  0000                     # 61 "C:\Program Files (x86)\Microchip\xc8\v2.00\pic\include\pic16f630.h"
   152                           TMR0 equ 01h ;# 
   153  0001                     # 68 "C:\Program Files (x86)\Microchip\xc8\v2.00\pic\include\pic16f630.h"
   154                           PCL equ 02h ;# 
   155  0002                     # 75 "C:\Program Files (x86)\Microchip\xc8\v2.00\pic\include\pic16f630.h"
   156                           STATUS equ 03h ;# 
   157  0003                     # 161 "C:\Program Files (x86)\Microchip\xc8\v2.00\pic\include\pic16f630.h"
   158                           FSR equ 04h ;# 
   159  0004                     # 168 "C:\Program Files (x86)\Microchip\xc8\v2.00\pic\include\pic16f630.h"
   160                           PORTA equ 05h ;# 
   161  0005                     # 218 "C:\Program Files (x86)\Microchip\xc8\v2.00\pic\include\pic16f630.h"
   162                           PORTC equ 07h ;# 
   163  0007                     # 268 "C:\Program Files (x86)\Microchip\xc8\v2.00\pic\include\pic16f630.h"
   164                           PCLATH equ 0Ah ;# 
   165  000A                     # 288 "C:\Program Files (x86)\Microchip\xc8\v2.00\pic\include\pic16f630.h"
   166                           INTCON equ 0Bh ;# 
   167  000B                     # 366 "C:\Program Files (x86)\Microchip\xc8\v2.00\pic\include\pic16f630.h"
   168                           PIR1 equ 0Ch ;# 
   169  000C                     # 408 "C:\Program Files (x86)\Microchip\xc8\v2.00\pic\include\pic16f630.h"
   170                           TMR1 equ 0Eh ;# 
   171  000E                     # 415 "C:\Program Files (x86)\Microchip\xc8\v2.00\pic\include\pic16f630.h"
   172                           TMR1L equ 0Eh ;# 
   173  000E                     # 422 "C:\Program Files (x86)\Microchip\xc8\v2.00\pic\include\pic16f630.h"
   174                           TMR1H equ 0Fh ;# 
   175  000F                     # 429 "C:\Program Files (x86)\Microchip\xc8\v2.00\pic\include\pic16f630.h"
   176                           T1CON equ 010h ;# 
   177  0010                     # 494 "C:\Program Files (x86)\Microchip\xc8\v2.00\pic\include\pic16f630.h"
   178                           CMCON equ 019h ;# 
   179  0019                     # 553 "C:\Program Files (x86)\Microchip\xc8\v2.00\pic\include\pic16f630.h"
   180                           OPTION_REG equ 081h ;# 
   181  0081                     # 630 "C:\Program Files (x86)\Microchip\xc8\v2.00\pic\include\pic16f630.h"
   182                           TRISA equ 085h ;# 
   183  0085                     # 680 "C:\Program Files (x86)\Microchip\xc8\v2.00\pic\include\pic16f630.h"
   184                           TRISC equ 087h ;# 
   185  0087                     # 730 "C:\Program Files (x86)\Microchip\xc8\v2.00\pic\include\pic16f630.h"
   186                           PIE1 equ 08Ch ;# 
   187  008C                     # 772 "C:\Program Files (x86)\Microchip\xc8\v2.00\pic\include\pic16f630.h"
   188                           PCON equ 08Eh ;# 
   189  008E                     # 806 "C:\Program Files (x86)\Microchip\xc8\v2.00\pic\include\pic16f630.h"
   190                           OSCCAL equ 090h ;# 
   191  0090                     # 866 "C:\Program Files (x86)\Microchip\xc8\v2.00\pic\include\pic16f630.h"
   192                           WPUA equ 095h ;# 
   193  0095                     # 871 "C:\Program Files (x86)\Microchip\xc8\v2.00\pic\include\pic16f630.h"
   194                           WPU equ 095h ;# 
   195  0095                     # 954 "C:\Program Files (x86)\Microchip\xc8\v2.00\pic\include\pic16f630.h"
   196                           IOCA equ 096h ;# 
   197  0096                     # 959 "C:\Program Files (x86)\Microchip\xc8\v2.00\pic\include\pic16f630.h"
   198                           IOC equ 096h ;# 
   199  0096                     # 1052 "C:\Program Files (x86)\Microchip\xc8\v2.00\pic\include\pic16f630.h"
   200                           VRCON equ 099h ;# 
   201  0099                     # 1112 "C:\Program Files (x86)\Microchip\xc8\v2.00\pic\include\pic16f630.h"
   202                           EEDAT equ 09Ah ;# 
   203  009A                     # 1117 "C:\Program Files (x86)\Microchip\xc8\v2.00\pic\include\pic16f630.h"
   204                           EEDATA equ 09Ah ;# 
   205  009A                     # 1150 "C:\Program Files (x86)\Microchip\xc8\v2.00\pic\include\pic16f630.h"
   206                           EEADR equ 09Bh ;# 
   207  009B                     # 1157 "C:\Program Files (x86)\Microchip\xc8\v2.00\pic\include\pic16f630.h"
   208                           EECON1 equ 09Ch ;# 
   209  009C                     # 1195 "C:\Program Files (x86)\Microchip\xc8\v2.00\pic\include\pic16f630.h"
   210                           EECON2 equ 09Dh ;# 
   211  009D                     # 54 "C:\Program Files (x86)\Microchip\xc8\v2.00\pic\include\pic16f630.h"
   212                           INDF equ 00h ;# 
   213  0000                     # 61 "C:\Program Files (x86)\Microchip\xc8\v2.00\pic\include\pic16f630.h"
   214                           TMR0 equ 01h ;# 
   215  0001                     # 68 "C:\Program Files (x86)\Microchip\xc8\v2.00\pic\include\pic16f630.h"
   216                           PCL equ 02h ;# 
   217  0002                     # 75 "C:\Program Files (x86)\Microchip\xc8\v2.00\pic\include\pic16f630.h"
   218                           STATUS equ 03h ;# 
   219  0003                     # 161 "C:\Program Files (x86)\Microchip\xc8\v2.00\pic\include\pic16f630.h"
   220                           FSR equ 04h ;# 
   221  0004                     # 168 "C:\Program Files (x86)\Microchip\xc8\v2.00\pic\include\pic16f630.h"
   222                           PORTA equ 05h ;# 
   223  0005                     # 218 "C:\Program Files (x86)\Microchip\xc8\v2.00\pic\include\pic16f630.h"
   224                           PORTC equ 07h ;# 
   225  0007                     # 268 "C:\Program Files (x86)\Microchip\xc8\v2.00\pic\include\pic16f630.h"
   226                           PCLATH equ 0Ah ;# 
   227  000A                     # 288 "C:\Program Files (x86)\Microchip\xc8\v2.00\pic\include\pic16f630.h"
   228                           INTCON equ 0Bh ;# 
   229  000B                     # 366 "C:\Program Files (x86)\Microchip\xc8\v2.00\pic\include\pic16f630.h"
   230                           PIR1 equ 0Ch ;# 
   231  000C                     # 408 "C:\Program Files (x86)\Microchip\xc8\v2.00\pic\include\pic16f630.h"
   232                           TMR1 equ 0Eh ;# 
   233  000E                     # 415 "C:\Program Files (x86)\Microchip\xc8\v2.00\pic\include\pic16f630.h"
   234                           TMR1L equ 0Eh ;# 
   235  000E                     # 422 "C:\Program Files (x86)\Microchip\xc8\v2.00\pic\include\pic16f630.h"
   236                           TMR1H equ 0Fh ;# 
   237  000F                     # 429 "C:\Program Files (x86)\Microchip\xc8\v2.00\pic\include\pic16f630.h"
   238                           T1CON equ 010h ;# 
   239  0010                     # 494 "C:\Program Files (x86)\Microchip\xc8\v2.00\pic\include\pic16f630.h"
   240                           CMCON equ 019h ;# 
   241  0019                     # 553 "C:\Program Files (x86)\Microchip\xc8\v2.00\pic\include\pic16f630.h"
   242                           OPTION_REG equ 081h ;# 
   243  0081                     # 630 "C:\Program Files (x86)\Microchip\xc8\v2.00\pic\include\pic16f630.h"
   244                           TRISA equ 085h ;# 
   245  0085                     # 680 "C:\Program Files (x86)\Microchip\xc8\v2.00\pic\include\pic16f630.h"
   246                           TRISC equ 087h ;# 
   247  0087                     # 730 "C:\Program Files (x86)\Microchip\xc8\v2.00\pic\include\pic16f630.h"
   248                           PIE1 equ 08Ch ;# 
   249  008C                     # 772 "C:\Program Files (x86)\Microchip\xc8\v2.00\pic\include\pic16f630.h"
   250                           PCON equ 08Eh ;# 
   251  008E                     # 806 "C:\Program Files (x86)\Microchip\xc8\v2.00\pic\include\pic16f630.h"
   252                           OSCCAL equ 090h ;# 
   253  0090                     # 866 "C:\Program Files (x86)\Microchip\xc8\v2.00\pic\include\pic16f630.h"
   254                           WPUA equ 095h ;# 
   255  0095                     # 871 "C:\Program Files (x86)\Microchip\xc8\v2.00\pic\include\pic16f630.h"
   256                           WPU equ 095h ;# 
   257  0095                     # 954 "C:\Program Files (x86)\Microchip\xc8\v2.00\pic\include\pic16f630.h"
   258                           IOCA equ 096h ;# 
   259  0096                     # 959 "C:\Program Files (x86)\Microchip\xc8\v2.00\pic\include\pic16f630.h"
   260                           IOC equ 096h ;# 
   261  0096                     # 1052 "C:\Program Files (x86)\Microchip\xc8\v2.00\pic\include\pic16f630.h"
   262                           VRCON equ 099h ;# 
   263  0099                     # 1112 "C:\Program Files (x86)\Microchip\xc8\v2.00\pic\include\pic16f630.h"
   264                           EEDAT equ 09Ah ;# 
   265  009A                     # 1117 "C:\Program Files (x86)\Microchip\xc8\v2.00\pic\include\pic16f630.h"
   266                           EEDATA equ 09Ah ;# 
   267  009A                     # 1150 "C:\Program Files (x86)\Microchip\xc8\v2.00\pic\include\pic16f630.h"
   268                           EEADR equ 09Bh ;# 
   269  009B                     # 1157 "C:\Program Files (x86)\Microchip\xc8\v2.00\pic\include\pic16f630.h"
   270                           EECON1 equ 09Ch ;# 
   271  009C                     # 1195 "C:\Program Files (x86)\Microchip\xc8\v2.00\pic\include\pic16f630.h"
   272                           EECON2 equ 09Dh ;# 
   273  009D                     # 54 "C:\Program Files (x86)\Microchip\xc8\v2.00\pic\include\pic16f630.h"
   274                           INDF equ 00h ;# 
   275  0000                     # 61 "C:\Program Files (x86)\Microchip\xc8\v2.00\pic\include\pic16f630.h"
   276                           TMR0 equ 01h ;# 
   277  0001                     # 68 "C:\Program Files (x86)\Microchip\xc8\v2.00\pic\include\pic16f630.h"
   278                           PCL equ 02h ;# 
   279  0002                     # 75 "C:\Program Files (x86)\Microchip\xc8\v2.00\pic\include\pic16f630.h"
   280                           STATUS equ 03h ;# 
   281  0003                     # 161 "C:\Program Files (x86)\Microchip\xc8\v2.00\pic\include\pic16f630.h"
   282                           FSR equ 04h ;# 
   283  0004                     # 168 "C:\Program Files (x86)\Microchip\xc8\v2.00\pic\include\pic16f630.h"
   284                           PORTA equ 05h ;# 
   285  0005                     # 218 "C:\Program Files (x86)\Microchip\xc8\v2.00\pic\include\pic16f630.h"
   286                           PORTC equ 07h ;# 
   287  0007                     # 268 "C:\Program Files (x86)\Microchip\xc8\v2.00\pic\include\pic16f630.h"
   288                           PCLATH equ 0Ah ;# 
   289  000A                     # 288 "C:\Program Files (x86)\Microchip\xc8\v2.00\pic\include\pic16f630.h"
   290                           INTCON equ 0Bh ;# 
   291  000B                     # 366 "C:\Program Files (x86)\Microchip\xc8\v2.00\pic\include\pic16f630.h"
   292                           PIR1 equ 0Ch ;# 
   293  000C                     # 408 "C:\Program Files (x86)\Microchip\xc8\v2.00\pic\include\pic16f630.h"
   294                           TMR1 equ 0Eh ;# 
   295  000E                     # 415 "C:\Program Files (x86)\Microchip\xc8\v2.00\pic\include\pic16f630.h"
   296                           TMR1L equ 0Eh ;# 
   297  000E                     # 422 "C:\Program Files (x86)\Microchip\xc8\v2.00\pic\include\pic16f630.h"
   298                           TMR1H equ 0Fh ;# 
   299  000F                     # 429 "C:\Program Files (x86)\Microchip\xc8\v2.00\pic\include\pic16f630.h"
   300                           T1CON equ 010h ;# 
   301  0010                     # 494 "C:\Program Files (x86)\Microchip\xc8\v2.00\pic\include\pic16f630.h"
   302                           CMCON equ 019h ;# 
   303  0019                     # 553 "C:\Program Files (x86)\Microchip\xc8\v2.00\pic\include\pic16f630.h"
   304                           OPTION_REG equ 081h ;# 
   305  0081                     # 630 "C:\Program Files (x86)\Microchip\xc8\v2.00\pic\include\pic16f630.h"
   306                           TRISA equ 085h ;# 
   307  0085                     # 680 "C:\Program Files (x86)\Microchip\xc8\v2.00\pic\include\pic16f630.h"
   308                           TRISC equ 087h ;# 
   309  0087                     # 730 "C:\Program Files (x86)\Microchip\xc8\v2.00\pic\include\pic16f630.h"
   310                           PIE1 equ 08Ch ;# 
   311  008C                     # 772 "C:\Program Files (x86)\Microchip\xc8\v2.00\pic\include\pic16f630.h"
   312                           PCON equ 08Eh ;# 
   313  008E                     # 806 "C:\Program Files (x86)\Microchip\xc8\v2.00\pic\include\pic16f630.h"
   314                           OSCCAL equ 090h ;# 
   315  0090                     # 866 "C:\Program Files (x86)\Microchip\xc8\v2.00\pic\include\pic16f630.h"
   316                           WPUA equ 095h ;# 
   317  0095                     # 871 "C:\Program Files (x86)\Microchip\xc8\v2.00\pic\include\pic16f630.h"
   318                           WPU equ 095h ;# 
   319  0095                     # 954 "C:\Program Files (x86)\Microchip\xc8\v2.00\pic\include\pic16f630.h"
   320                           IOCA equ 096h ;# 
   321  0096                     # 959 "C:\Program Files (x86)\Microchip\xc8\v2.00\pic\include\pic16f630.h"
   322                           IOC equ 096h ;# 
   323  0096                     # 1052 "C:\Program Files (x86)\Microchip\xc8\v2.00\pic\include\pic16f630.h"
   324                           VRCON equ 099h ;# 
   325  0099                     # 1112 "C:\Program Files (x86)\Microchip\xc8\v2.00\pic\include\pic16f630.h"
   326                           EEDAT equ 09Ah ;# 
   327  009A                     # 1117 "C:\Program Files (x86)\Microchip\xc8\v2.00\pic\include\pic16f630.h"
   328                           EEDATA equ 09Ah ;# 
   329  009A                     # 1150 "C:\Program Files (x86)\Microchip\xc8\v2.00\pic\include\pic16f630.h"
   330                           EEADR equ 09Bh ;# 
   331  009B                     # 1157 "C:\Program Files (x86)\Microchip\xc8\v2.00\pic\include\pic16f630.h"
   332                           EECON1 equ 09Ch ;# 
   333  009C                     # 1195 "C:\Program Files (x86)\Microchip\xc8\v2.00\pic\include\pic16f630.h"
   334                           EECON2 equ 09Dh ;# 
   335  009D                     # 54 "C:\Program Files (x86)\Microchip\xc8\v2.00\pic\include\pic16f630.h"
   336                           INDF equ 00h ;# 
   337  0000                     # 61 "C:\Program Files (x86)\Microchip\xc8\v2.00\pic\include\pic16f630.h"
   338                           TMR0 equ 01h ;# 
   339  0001                     # 68 "C:\Program Files (x86)\Microchip\xc8\v2.00\pic\include\pic16f630.h"
   340                           PCL equ 02h ;# 
   341  0002                     # 75 "C:\Program Files (x86)\Microchip\xc8\v2.00\pic\include\pic16f630.h"
   342                           STATUS equ 03h ;# 
   343  0003                     # 161 "C:\Program Files (x86)\Microchip\xc8\v2.00\pic\include\pic16f630.h"
   344                           FSR equ 04h ;# 
   345  0004                     # 168 "C:\Program Files (x86)\Microchip\xc8\v2.00\pic\include\pic16f630.h"
   346                           PORTA equ 05h ;# 
   347  0005                     # 218 "C:\Program Files (x86)\Microchip\xc8\v2.00\pic\include\pic16f630.h"
   348                           PORTC equ 07h ;# 
   349  0007                     # 268 "C:\Program Files (x86)\Microchip\xc8\v2.00\pic\include\pic16f630.h"
   350                           PCLATH equ 0Ah ;# 
   351  000A                     # 288 "C:\Program Files (x86)\Microchip\xc8\v2.00\pic\include\pic16f630.h"
   352                           INTCON equ 0Bh ;# 
   353  000B                     # 366 "C:\Program Files (x86)\Microchip\xc8\v2.00\pic\include\pic16f630.h"
   354                           PIR1 equ 0Ch ;# 
   355  000C                     # 408 "C:\Program Files (x86)\Microchip\xc8\v2.00\pic\include\pic16f630.h"
   356                           TMR1 equ 0Eh ;# 
   357  000E                     # 415 "C:\Program Files (x86)\Microchip\xc8\v2.00\pic\include\pic16f630.h"
   358                           TMR1L equ 0Eh ;# 
   359  000E                     # 422 "C:\Program Files (x86)\Microchip\xc8\v2.00\pic\include\pic16f630.h"
   360                           TMR1H equ 0Fh ;# 
   361  000F                     # 429 "C:\Program Files (x86)\Microchip\xc8\v2.00\pic\include\pic16f630.h"
   362                           T1CON equ 010h ;# 
   363  0010                     # 494 "C:\Program Files (x86)\Microchip\xc8\v2.00\pic\include\pic16f630.h"
   364                           CMCON equ 019h ;# 
   365  0019                     # 553 "C:\Program Files (x86)\Microchip\xc8\v2.00\pic\include\pic16f630.h"
   366                           OPTION_REG equ 081h ;# 
   367  0081                     # 630 "C:\Program Files (x86)\Microchip\xc8\v2.00\pic\include\pic16f630.h"
   368                           TRISA equ 085h ;# 
   369  0085                     # 680 "C:\Program Files (x86)\Microchip\xc8\v2.00\pic\include\pic16f630.h"
   370                           TRISC equ 087h ;# 
   371  0087                     # 730 "C:\Program Files (x86)\Microchip\xc8\v2.00\pic\include\pic16f630.h"
   372                           PIE1 equ 08Ch ;# 
   373  008C                     # 772 "C:\Program Files (x86)\Microchip\xc8\v2.00\pic\include\pic16f630.h"
   374                           PCON equ 08Eh ;# 
   375  008E                     # 806 "C:\Program Files (x86)\Microchip\xc8\v2.00\pic\include\pic16f630.h"
   376                           OSCCAL equ 090h ;# 
   377  0090                     # 866 "C:\Program Files (x86)\Microchip\xc8\v2.00\pic\include\pic16f630.h"
   378                           WPUA equ 095h ;# 
   379  0095                     # 871 "C:\Program Files (x86)\Microchip\xc8\v2.00\pic\include\pic16f630.h"
   380                           WPU equ 095h ;# 
   381  0095                     # 954 "C:\Program Files (x86)\Microchip\xc8\v2.00\pic\include\pic16f630.h"
   382                           IOCA equ 096h ;# 
   383  0096                     # 959 "C:\Program Files (x86)\Microchip\xc8\v2.00\pic\include\pic16f630.h"
   384                           IOC equ 096h ;# 
   385  0096                     # 1052 "C:\Program Files (x86)\Microchip\xc8\v2.00\pic\include\pic16f630.h"
   386                           VRCON equ 099h ;# 
   387  0099                     # 1112 "C:\Program Files (x86)\Microchip\xc8\v2.00\pic\include\pic16f630.h"
   388                           EEDAT equ 09Ah ;# 
   389  009A                     # 1117 "C:\Program Files (x86)\Microchip\xc8\v2.00\pic\include\pic16f630.h"
   390                           EEDATA equ 09Ah ;# 
   391  009A                     # 1150 "C:\Program Files (x86)\Microchip\xc8\v2.00\pic\include\pic16f630.h"
   392                           EEADR equ 09Bh ;# 
   393  009B                     # 1157 "C:\Program Files (x86)\Microchip\xc8\v2.00\pic\include\pic16f630.h"
   394                           EECON1 equ 09Ch ;# 
   395  009C                     # 1195 "C:\Program Files (x86)\Microchip\xc8\v2.00\pic\include\pic16f630.h"
   396                           EECON2 equ 09Dh ;# 
   397  009D                     # 54 "C:\Program Files (x86)\Microchip\xc8\v2.00\pic\include\pic16f630.h"
   398                           INDF equ 00h ;# 
   399  0000                     # 61 "C:\Program Files (x86)\Microchip\xc8\v2.00\pic\include\pic16f630.h"
   400                           TMR0 equ 01h ;# 
   401  0001                     # 68 "C:\Program Files (x86)\Microchip\xc8\v2.00\pic\include\pic16f630.h"
   402                           PCL equ 02h ;# 
   403  0002                     # 75 "C:\Program Files (x86)\Microchip\xc8\v2.00\pic\include\pic16f630.h"
   404                           STATUS equ 03h ;# 
   405  0003                     # 161 "C:\Program Files (x86)\Microchip\xc8\v2.00\pic\include\pic16f630.h"
   406                           FSR equ 04h ;# 
   407  0004                     # 168 "C:\Program Files (x86)\Microchip\xc8\v2.00\pic\include\pic16f630.h"
   408                           PORTA equ 05h ;# 
   409  0005                     # 218 "C:\Program Files (x86)\Microchip\xc8\v2.00\pic\include\pic16f630.h"
   410                           PORTC equ 07h ;# 
   411  0007                     # 268 "C:\Program Files (x86)\Microchip\xc8\v2.00\pic\include\pic16f630.h"
   412                           PCLATH equ 0Ah ;# 
   413  000A                     # 288 "C:\Program Files (x86)\Microchip\xc8\v2.00\pic\include\pic16f630.h"
   414                           INTCON equ 0Bh ;# 
   415  000B                     # 366 "C:\Program Files (x86)\Microchip\xc8\v2.00\pic\include\pic16f630.h"
   416                           PIR1 equ 0Ch ;# 
   417  000C                     # 408 "C:\Program Files (x86)\Microchip\xc8\v2.00\pic\include\pic16f630.h"
   418                           TMR1 equ 0Eh ;# 
   419  000E                     # 415 "C:\Program Files (x86)\Microchip\xc8\v2.00\pic\include\pic16f630.h"
   420                           TMR1L equ 0Eh ;# 
   421  000E                     # 422 "C:\Program Files (x86)\Microchip\xc8\v2.00\pic\include\pic16f630.h"
   422                           TMR1H equ 0Fh ;# 
   423  000F                     # 429 "C:\Program Files (x86)\Microchip\xc8\v2.00\pic\include\pic16f630.h"
   424                           T1CON equ 010h ;# 
   425  0010                     # 494 "C:\Program Files (x86)\Microchip\xc8\v2.00\pic\include\pic16f630.h"
   426                           CMCON equ 019h ;# 
   427  0019                     # 553 "C:\Program Files (x86)\Microchip\xc8\v2.00\pic\include\pic16f630.h"
   428                           OPTION_REG equ 081h ;# 
   429  0081                     # 630 "C:\Program Files (x86)\Microchip\xc8\v2.00\pic\include\pic16f630.h"
   430                           TRISA equ 085h ;# 
   431  0085                     # 680 "C:\Program Files (x86)\Microchip\xc8\v2.00\pic\include\pic16f630.h"
   432                           TRISC equ 087h ;# 
   433  0087                     # 730 "C:\Program Files (x86)\Microchip\xc8\v2.00\pic\include\pic16f630.h"
   434                           PIE1 equ 08Ch ;# 
   435  008C                     # 772 "C:\Program Files (x86)\Microchip\xc8\v2.00\pic\include\pic16f630.h"
   436                           PCON equ 08Eh ;# 
   437  008E                     # 806 "C:\Program Files (x86)\Microchip\xc8\v2.00\pic\include\pic16f630.h"
   438                           OSCCAL equ 090h ;# 
   439  0090                     # 866 "C:\Program Files (x86)\Microchip\xc8\v2.00\pic\include\pic16f630.h"
   440                           WPUA equ 095h ;# 
   441  0095                     # 871 "C:\Program Files (x86)\Microchip\xc8\v2.00\pic\include\pic16f630.h"
   442                           WPU equ 095h ;# 
   443  0095                     # 954 "C:\Program Files (x86)\Microchip\xc8\v2.00\pic\include\pic16f630.h"
   444                           IOCA equ 096h ;# 
   445  0096                     # 959 "C:\Program Files (x86)\Microchip\xc8\v2.00\pic\include\pic16f630.h"
   446                           IOC equ 096h ;# 
   447  0096                     # 1052 "C:\Program Files (x86)\Microchip\xc8\v2.00\pic\include\pic16f630.h"
   448                           VRCON equ 099h ;# 
   449  0099                     # 1112 "C:\Program Files (x86)\Microchip\xc8\v2.00\pic\include\pic16f630.h"
   450                           EEDAT equ 09Ah ;# 
   451  009A                     # 1117 "C:\Program Files (x86)\Microchip\xc8\v2.00\pic\include\pic16f630.h"
   452                           EEDATA equ 09Ah ;# 
   453  009A                     # 1150 "C:\Program Files (x86)\Microchip\xc8\v2.00\pic\include\pic16f630.h"
   454                           EEADR equ 09Bh ;# 
   455  009B                     # 1157 "C:\Program Files (x86)\Microchip\xc8\v2.00\pic\include\pic16f630.h"
   456                           EECON1 equ 09Ch ;# 
   457  009C                     # 1195 "C:\Program Files (x86)\Microchip\xc8\v2.00\pic\include\pic16f630.h"
   458                           EECON2 equ 09Dh ;# 
   459  009D                     	FNCALL	_main,_Initialise
   460                           	FNROOT	_main
   461                           	FNCALL	_ISR,_EdgeIntr
   462                           	FNCALL	intlevel1,_ISR
   463                           	global	intlevel1
   464                           	FNROOT	intlevel1
   465                           	global	_BOX_ADDRESS
   466                           psect	strings,class=STRING,delta=2,noexec
   467                           global __pstrings
   468                           __pstrings:
   469  0036                     stringtab:
   470  0036                     	global    __stringtab
   471                           __stringtab:
   472  0036                     ;	String table - string pointers are 1 byte each
   473                           stringcode:stringdir:
   474  0036                     movlw high(stringdir)
      + 0036                     stringdir:	
   475  0036  3000               movwf pclath
   476  0037  008A               movf fsr,w
   477  0038  0804               incf fsr
   478  0039  0A84               	addwf pc
   479  003A  0782               	global __stringbase
   480                           __stringbase:
   481  003B                     	retlw	0
   482  003B  3400               psect	strings
   483                           	global    __end_of__stringtab
   484                           __end_of__stringtab:
   485  003C                     	file	"user.c"
   486                           	line	15
   487                           _BOX_ADDRESS:
   488  003C                     	retlw	low(0)
   489  003C  3400               	global __end_of_BOX_ADDRESS
   490                           __end_of_BOX_ADDRESS:
   491  003D                     	global	_BOX_ADDRESS
   492                           	global	_Addressed
   493                           	global	_DataState
   494                           	global	_Data
   495                           	global	_EdgeDetect
   496                           	global	_Lamps
   497                           	global	_BoxSize
   498                           	global	_BitCount
   499                           	global	_BitData
   500                           	global	_TickCount
   501                           	global	_TMR0
   502                           _TMR0	set	0x1
   503  0001                     	global	_PORTA
   504                           _PORTA	set	0x5
   505  0005                     	global	_PIR1bits
   506                           _PIR1bits	set	0xC
   507  000C                     	global	_TMR1L
   508                           _TMR1L	set	0xE
   509  000E                     	global	_TMR1H
   510                           _TMR1H	set	0xF
   511  000F                     	global	_T1CONbits
   512                           _T1CONbits	set	0x10
   513  0010                     	global	_CMCON
   514                           _CMCON	set	0x19
   515  0019                     	global	_INTCONbits
   516                           _INTCONbits	set	0xB
   517  000B                     	global	_RC5
   518                           _RC5	set	0x3D
   519  003D                     	global	_RA2
   520                           _RA2	set	0x2A
   521  002A                     	global	_RC3
   522                           _RC3	set	0x3B
   523  003B                     	global	_RC4
   524                           _RC4	set	0x3C
   525  003C                     	global	_RC1
   526                           _RC1	set	0x39
   527  0039                     	global	_OPTION_REGbits
   528                           _OPTION_REGbits	set	0x81
   529  0081                     	global	_PIE1bits
   530                           _PIE1bits	set	0x8C
   531  008C                     	global	_TRISC
   532                           _TRISC	set	0x87
   533  0087                     	global	_TRISA
   534                           _TRISA	set	0x85
   535  0085                     ; #config settings
   536                           global __CFG_FOSC$EC
   537                           __CFG_FOSC$EC equ 0x0
   538  0000                     global __CFG_WDTE$OFF
   539                           __CFG_WDTE$OFF equ 0x0
   540  0000                     global __CFG_PWRTE$OFF
   541                           __CFG_PWRTE$OFF equ 0x0
   542  0000                     global __CFG_MCLRE$OFF
   543                           __CFG_MCLRE$OFF equ 0x0
   544  0000                     global __CFG_BOREN$OFF
   545                           __CFG_BOREN$OFF equ 0x0
   546  0000                     global __CFG_CP$OFF
   547                           __CFG_CP$OFF equ 0x0
   548  0000                     global __CFG_CPD$OFF
   549                           __CFG_CPD$OFF equ 0x0
   550  0000                     	file	"C:\Users\abaker\AppData\Local\Temp\sic4."
   551                           	line	#
   552                           psect cinit,class=CODE,delta=2
   553                           global start_initialization
   554                           start_initialization:
   555  000C                     
   556                           global __initialization
   557                           __initialization:
   558  000C                     psect	bssBANK0,class=BANK0,space=1,noexec
   559                           global __pbssBANK0
   560                           __pbssBANK0:
   561  0020                     _Addressed:
   562  0020                            ds      1
   563  0020                     
   564                           _DataState:
   565  0021                            ds      1
   566  0021                     
   567                           _Data:
   568  0022                            ds      1
   569  0022                     
   570                           _EdgeDetect:
   571  0023                            ds      1
   572  0023                     
   573                           _Lamps:
   574  0024                            ds      1
   575  0024                     
   576                           _BoxSize:
   577  0025                            ds      1
   578  0025                     
   579                           _Address:
   580  0026                            ds      1
   581  0026                     
   582                           _Sync:
   583  0027                            ds      1
   584  0027                     
   585                           _BitCount:
   586  0028                            ds      1
   587  0028                     
   588                           _BitData:
   589  0029                            ds      1
   590  0029                     
   591                           _TickCount:
   592  002A                            ds      1
   593  002A                     
   594                           	file	"C:\Users\abaker\AppData\Local\Temp\sic4."
   595                           	line	#
   596                           ; Clear objects allocated to BANK0
   597                           psect cinit,class=CODE,delta=2,merge=1
   598                           	bcf	status, 5	;RP0=0, select bank0
   599  000C  1283               	clrf	((__pbssBANK0)+0)&07Fh
   600  000D  01A0               	clrf	((__pbssBANK0)+1)&07Fh
   601  000E  01A1               	clrf	((__pbssBANK0)+2)&07Fh
   602  000F  01A2               	clrf	((__pbssBANK0)+3)&07Fh
   603  0010  01A3               	clrf	((__pbssBANK0)+4)&07Fh
   604  0011  01A4               	clrf	((__pbssBANK0)+5)&07Fh
   605  0012  01A5               	clrf	((__pbssBANK0)+6)&07Fh
   606  0013  01A6               	clrf	((__pbssBANK0)+7)&07Fh
   607  0014  01A7               	clrf	((__pbssBANK0)+8)&07Fh
   608  0015  01A8               	clrf	((__pbssBANK0)+9)&07Fh
   609  0016  01A9               	clrf	((__pbssBANK0)+10)&07Fh
   610  0017  01AA               psect cinit,class=CODE,delta=2,merge=1
   611                           global end_of_initialization,__end_of__initialization
   612                           
   613                           ;End of C runtime variable initialization code
   614                           
   615                           end_of_initialization:
   616  0018                     __end_of__initialization:
   617  0018                     clrf status
   618  0018  0183               ljmp _main	;jump to C main() function
   619  0019  283D               psect	cstackCOMMON,class=COMMON,space=1,noexec
   620                           global __pcstackCOMMON
   621                           __pcstackCOMMON:
   622  0000                     ??_Initialise:	; 1 bytes @ 0x0
   623  0000                     ??_main:	; 1 bytes @ 0x0
   624  0000                     ??_EdgeIntr:	; 1 bytes @ 0x0
   625  0000                     psect	cstackBANK0,class=BANK0,space=1,noexec
   626                           global __pcstackBANK0
   627                           __pcstackBANK0:
   628  002B                     ?_Initialise:	; 1 bytes @ 0x0
   629  002B                     ?_main:	; 1 bytes @ 0x0
   630  002B                     ?_EdgeIntr:	; 1 bytes @ 0x0
   631  002B                     ?_ISR:	; 1 bytes @ 0x0
   632  002B                     ??_ISR:	; 1 bytes @ 0x0
   633  002B                     	ds	2
   634  002B                     ;!
   635                           ;!Data Sizes:
   636                           ;!    Strings     0
   637                           ;!    Constant    1
   638                           ;!    Data        0
   639                           ;!    BSS         11
   640                           ;!    Persistent  0
   641                           ;!    Stack       0
   642                           ;!
   643                           ;!Auto Spaces:
   644                           ;!    Space          Size  Autos    Used
   645                           ;!    COMMON            0      0       0
   646                           ;!    BANK0            62      2      13
   647                           
   648                           ;!
   649                           ;!Pointer List with Targets:
   650                           ;!
   651                           ;!    None.
   652                           
   653                           
   654                           ;!
   655                           ;!Critical Paths under _main in COMMON
   656                           ;!
   657                           ;!    None.
   658                           ;!
   659                           ;!Critical Paths under _ISR in COMMON
   660                           ;!
   661                           ;!    None.
   662                           ;!
   663                           ;!Critical Paths under _main in BANK0
   664                           ;!
   665                           ;!    None.
   666                           ;!
   667                           ;!Critical Paths under _ISR in BANK0
   668                           ;!
   669                           ;!    None.
   670                           
   671 ;;
   672 ;;Main: autosize = 0, tempsize = 0, incstack = 0, save=0
   673 ;;
   674                           
   675                           ;!
   676                           ;!Call Graph Tables:
   677                           ;!
   678                           ;! ---------------------------------------------------------------------------------
   679                           ;! (Depth) Function   	        Calls       Base Space   Used Autos Params    Refs
   680                           ;! ---------------------------------------------------------------------------------
   681                           ;! (0) _main                                                 0     0      0       0
   682                           ;!                         _Initialise
   683                           ;! ---------------------------------------------------------------------------------
   684                           ;! (1) _Initialise                                           0     0      0       0
   685                           ;! ---------------------------------------------------------------------------------
   686                           ;! Estimated maximum stack depth 1
   687                           ;! ---------------------------------------------------------------------------------
   688                           ;! (Depth) Function   	        Calls       Base Space   Used Autos Params    Refs
   689                           ;! ---------------------------------------------------------------------------------
   690                           ;! (2) _ISR                                                  2     2      0       0
   691                           ;!                                              0 BANK0      2     2      0
   692                           ;!                           _EdgeIntr
   693                           ;! ---------------------------------------------------------------------------------
   694                           ;! (3) _EdgeIntr                                             0     0      0       0
   695                           ;! ---------------------------------------------------------------------------------
   696                           ;! Estimated maximum stack depth 3
   697                           ;! ---------------------------------------------------------------------------------
   698                           ;!
   699                           ;! Call Graph Graphs:
   700                           ;!
   701                           ;! _main (ROOT)
   702                           ;!   _Initialise
   703                           ;!
   704                           ;! _ISR (ROOT)
   705                           ;!   _EdgeIntr
   706                           ;!
   707                           
   708                           ;! Address spaces:
   709                           
   710                           ;!Name               Size   Autos  Total    Cost      Usage
   711                           ;!BITCOMMON            0      0       0       0        0.0%
   712                           ;!EEDATA              80      0       0       0        0.0%
   713                           ;!NULL                 0      0       0       0        0.0%
   714                           ;!CODE                 0      0       0       0        0.0%
   715                           ;!BITSFR0              0      0       0       1        0.0%
   716                           ;!SFR0                 0      0       0       1        0.0%
   717                           ;!COMMON               0      0       0       1        0.0%
   718                           ;!BITSFR1              0      0       0       2        0.0%
   719                           ;!SFR1                 0      0       0       2        0.0%
   720                           ;!STACK                0      0       0       2        0.0%
   721                           ;!BITBANK0            3E      0       0       3        0.0%
   722                           ;!BANK0               3E      2       D       4       21.0%
   723                           ;!ABS                  0      0       D       5        0.0%
   724                           ;!DATA                 0      0       D       6        0.0%
   725                           
   726                           	global	_main
   727                           
   728 ;; *************** function _main *****************
   729 ;; Defined at:
   730 ;;		line 7 in file "main.c"
   731 ;; Parameters:    Size  Location     Type
   732 ;;		None
   733 ;; Auto vars:     Size  Location     Type
   734 ;;		None
   735 ;; Return value:  Size  Location     Type
   736 ;;                  1    wreg      void 
   737 ;; Registers used:
   738 ;;		wreg, status,2, status,0, pclath, cstack
   739 ;; Tracked objects:
   740 ;;		On entry : B00/0
   741 ;;		On exit  : 0/0
   742 ;;		Unchanged: 0/0
   743 ;; Data sizes:     COMMON   BANK0
   744 ;;      Params:         0       0
   745 ;;      Locals:         0       0
   746 ;;      Temps:          0       0
   747 ;;      Totals:         0       0
   748 ;;Total ram usage:        0 bytes
   749 ;; Hardware stack levels required when called:    3
   750 ;; This function calls:
   751 ;;		_Initialise
   752 ;; This function is called by:
   753 ;;		Startup code after reset
   754 ;; This function uses a non-reentrant model
   755 ;;
   756                           psect	maintext,global,class=CODE,delta=2,split=1,group=0
   757                           	file	"main.c"
   758                           	line	7
   759                           global __pmaintext
   760                           __pmaintext:	;psect for function _main
   761  003D                     psect	maintext
   762                           	file	"main.c"
   763                           	line	7
   764                           	global	__size_of_main
   765                           	__size_of_main	equ	__end_of_main-_main
   766  0004                     	
   767                           _main:	
   768  003D                     ;incstack = 0
   769                           	opt	stack 5
   770                           ; Regs used in _main: [wreg+status,2+status,0+pclath+cstack]
   771                           	line	9
   772                           	
   773                           l830:	
   774  003D                     ;main.c: 9:     Initialise();
   775                           	fcall	_Initialise
   776  003D  2029               	line	12
   777                           	
   778                           l832:	
   779  003E                     ;main.c: 12:     INTCONbits.GIE = 1;
   780                           	bsf	(11),7	;volatile
   781  003E  178B               	line	14
   782                           ;main.c: 14:     while(1)
   783                           	
   784                           l9:	
   785  003F                     	line	17
   786                           ;main.c: 15:     {;main.c: 17:     }
   787                           	
   788                           l10:	
   789  003F                     	goto	l9
   790  003F  283F               	
   791                           l11:	
   792  0040                     	line	19
   793                           	
   794                           l12:	
   795  0040                     	global	start
   796                           	ljmp	start
   797  0040  280B               	opt stack 0
   798                           GLOBAL	__end_of_main
   799                           	__end_of_main:
   800  0041                     	signat	_main,89
   801                           	global	_Initialise
   802                           
   803 ;; *************** function _Initialise *****************
   804 ;; Defined at:
   805 ;;		line 14 in file "system.c"
   806 ;; Parameters:    Size  Location     Type
   807 ;;		None
   808 ;; Auto vars:     Size  Location     Type
   809 ;;		None
   810 ;; Return value:  Size  Location     Type
   811 ;;                  1    wreg      void 
   812 ;; Registers used:
   813 ;;		wreg, status,2
   814 ;; Tracked objects:
   815 ;;		On entry : 0/0
   816 ;;		On exit  : 0/0
   817 ;;		Unchanged: 0/0
   818 ;; Data sizes:     COMMON   BANK0
   819 ;;      Params:         0       0
   820 ;;      Locals:         0       0
   821 ;;      Temps:          0       0
   822 ;;      Totals:         0       0
   823 ;;Total ram usage:        0 bytes
   824 ;; Hardware stack levels used:    1
   825 ;; Hardware stack levels required when called:    2
   826 ;; This function calls:
   827 ;;		Nothing
   828 ;; This function is called by:
   829 ;;		_main
   830 ;; This function uses a non-reentrant model
   831 ;;
   832                           psect	text1,local,class=CODE,delta=2,merge=1,group=0
   833                           	file	"system.c"
   834                           	line	14
   835                           global __ptext1
   836                           __ptext1:	;psect for function _Initialise
   837  0029                     psect	text1
   838                           	file	"system.c"
   839                           	line	14
   840                           	global	__size_of_Initialise
   841                           	__size_of_Initialise	equ	__end_of_Initialise-_Initialise
   842  000D                     	
   843                           _Initialise:	
   844  0029                     ;incstack = 0
   845                           	opt	stack 5
   846                           ; Regs used in _Initialise: [wreg+status,2]
   847                           	line	17
   848                           	
   849                           l814:	
   850  0029                     ;system.c: 17:     CMCON = 0x07;
   851                           	movlw	low(07h)
   852  0029  3007               	bcf	status, 5	;RP0=0, select bank0
   853  002A  1283               	movwf	(25)	;volatile
   854  002B  0099               	line	18
   855                           ;system.c: 18:     TRISA = 0x3F;
   856                           	movlw	low(03Fh)
   857  002C  303F               	bsf	status, 5	;RP0=1, select bank1
   858  002D  1683               	movwf	(133)^080h	;volatile
   859  002E  0085               	line	21
   860                           	
   861                           l816:	
   862  002F                     ;system.c: 21:     TRISC = 0;
   863                           	clrf	(135)^080h	;volatile
   864  002F  0187               	line	35
   865                           	
   866                           l818:	
   867  0030                     ;system.c: 35:     PIE1bits.TMR1IE = 0;
   868                           	bcf	(140)^080h,0	;volatile
   869  0030  100C               	line	40
   870                           	
   871                           l820:	
   872  0031                     ;system.c: 40:     OPTION_REGbits.T0CS = 0;
   873                           	bcf	(129)^080h,5	;volatile
   874  0031  1281               	line	41
   875                           	
   876                           l822:	
   877  0032                     ;system.c: 41:     OPTION_REGbits.PSA = 1;
   878                           	bsf	(129)^080h,3	;volatile
   879  0032  1581               	line	45
   880                           	
   881                           l824:	
   882  0033                     ;system.c: 45:     OPTION_REGbits.INTEDG = 1;
   883                           	bsf	(129)^080h,6	;volatile
   884  0033  1701               	line	48
   885                           	
   886                           l826:	
   887  0034                     ;system.c: 48:     INTCONbits.INTE = 1;
   888                           	bsf	(11),4	;volatile
   889  0034  160B               	line	53
   890                           	
   891                           l27:	
   892  0035                     	return
   893  0035  0008               	opt stack 0
   894                           GLOBAL	__end_of_Initialise
   895                           	__end_of_Initialise:
   896  0036                     	signat	_Initialise,89
   897                           	global	_ISR
   898                           
   899 ;; *************** function _ISR *****************
   900 ;; Defined at:
   901 ;;		line 16 in file "interrupts.c"
   902 ;; Parameters:    Size  Location     Type
   903 ;;		None
   904 ;; Auto vars:     Size  Location     Type
   905 ;;		None
   906 ;; Return value:  Size  Location     Type
   907 ;;                  1    wreg      void 
   908 ;; Registers used:
   909 ;;		status,2, status,0, pclath, cstack
   910 ;; Tracked objects:
   911 ;;		On entry : 0/0
   912 ;;		On exit  : 0/0
   913 ;;		Unchanged: 0/0
   914 ;; Data sizes:     COMMON   BANK0
   915 ;;      Params:         0       0
   916 ;;      Locals:         0       0
   917 ;;      Temps:          0       2
   918 ;;      Totals:         0       2
   919 ;;Total ram usage:        2 bytes
   920 ;; Hardware stack levels used:    1
   921 ;; Hardware stack levels required when called:    1
   922 ;; This function calls:
   923 ;;		_EdgeIntr
   924 ;; This function is called by:
   925 ;;		Interrupt level 1
   926 ;; This function uses a non-reentrant model
   927 ;;
   928                           psect	text2,local,class=CODE,delta=2,merge=1,group=0
   929                           	file	"interrupts.c"
   930                           	line	16
   931                           global __ptext2
   932                           __ptext2:	;psect for function _ISR
   933  001A                     psect	text2
   934                           	file	"interrupts.c"
   935                           	line	16
   936                           	global	__size_of_ISR
   937                           	__size_of_ISR	equ	__end_of_ISR-_ISR
   938  000F                     	
   939                           _ISR:	
   940  001A                     ;incstack = 0
   941                           	opt	stack 5
   942                           ; Regs used in _ISR: [status,2+status,0+pclath+cstack]
   943                           psect	intentry,class=CODE,delta=2
   944                           global __pintentry
   945                           __pintentry:
   946  0004                     global interrupt_function
   947                           interrupt_function:
   948  0004                     	global saved_w
   949                           	saved_w	set	btemp+0
   950  005E                     	movwf	saved_w
   951  0004  00DE               	swapf	status,w
   952  0005  0E03               	bcf	status, 5	;RP0=0, select bank0
   953  0006  1283               	movwf	(??_ISR+0)
   954  0007  00AB               	movf	pclath,w
   955  0008  080A               	movwf	(??_ISR+1)
   956  0009  00AC               	ljmp	_ISR
   957  000A  281A               psect	text2
   958                           	line	37
   959                           	
   960                           i1l896:	
   961  001A                     ;interrupts.c: 37:     if (INTCONbits.INTF)
   962                           	btfss	(11),1	;volatile
   963  001A  1C8B               	goto	u30_21
   964  001B  281D               	goto	u30_20
   965  001C  281E               u30_21:
   966  001D                     	goto	i1l125
   967  001D  2821               u30_20:
   968  001E                     	line	39
   969                           	
   970                           i1l898:	
   971  001E                     ;interrupts.c: 38:     {;interrupts.c: 39:         INTCONbits.INTF = 0;
   972                           	bcf	(11),1	;volatile
   973  001E  108B               	line	40
   974                           	
   975                           i1l900:	
   976  001F                     ;interrupts.c: 40:         EdgeIntr();
   977                           	fcall	_EdgeIntr
   978  001F  2041               	goto	i1l125
   979  0020  2821               	line	41
   980                           ;interrupts.c: 41:     }
   981                           	
   982                           i1l124:	
   983  0021                     	line	49
   984                           	
   985                           i1l125:	
   986  0021                     	bcf	status, 5	;RP0=0, select bank0
   987  0021  1283               	movf	(??_ISR+1),w
   988  0022  082C               	movwf	pclath
   989  0023  008A               	swapf	(??_ISR+0)^00h,w
   990  0024  0E2B               	movwf	status
   991  0025  0083               	swapf	saved_w,f
   992  0026  0EDE               	swapf	saved_w,w
   993  0027  0E5E               	retfie
   994  0028  0009               	opt stack 0
   995                           GLOBAL	__end_of_ISR
   996                           	__end_of_ISR:
   997  0029                     	signat	_ISR,89
   998                           	global	_EdgeIntr
   999                           
  1000 ;; *************** function _EdgeIntr *****************
  1001 ;; Defined at:
  1002 ;;		line 98 in file "user.c"
  1003 ;; Parameters:    Size  Location     Type
  1004 ;;		None
  1005 ;; Auto vars:     Size  Location     Type
  1006 ;;		None
  1007 ;; Return value:  Size  Location     Type
  1008 ;;                  1    wreg      void 
  1009 ;; Registers used:
  1010 ;;		None
  1011 ;; Tracked objects:
  1012 ;;		On entry : 0/0
  1013 ;;		On exit  : 0/0
  1014 ;;		Unchanged: 0/0
  1015 ;; Data sizes:     COMMON   BANK0
  1016 ;;      Params:         0       0
  1017 ;;      Locals:         0       0
  1018 ;;      Temps:          0       0
  1019 ;;      Totals:         0       0
  1020 ;;Total ram usage:        0 bytes
  1021 ;; Hardware stack levels used:    1
  1022 ;; This function calls:
  1023 ;;		Nothing
  1024 ;; This function is called by:
  1025 ;;		_ISR
  1026 ;; This function uses a non-reentrant model
  1027 ;;
  1028                           psect	text3,local,class=CODE,delta=2,merge=1,group=0
  1029                           	file	"user.c"
  1030                           	line	98
  1031                           global __ptext3
  1032                           __ptext3:	;psect for function _EdgeIntr
  1033  0041                     psect	text3
  1034                           	file	"user.c"
  1035                           	line	98
  1036                           	global	__size_of_EdgeIntr
  1037                           	__size_of_EdgeIntr	equ	__end_of_EdgeIntr-_EdgeIntr
  1038  0004                     	
  1039                           _EdgeIntr:	
  1040  0041                     ;incstack = 0
  1041                           	opt	stack 5
  1042                           ; Regs used in _EdgeIntr: []
  1043                           	line	119
  1044                           	
  1045                           i1l828:	
  1046  0041                     ;user.c: 119:     RC4=1;
  1047                           	bcf	status, 5	;RP0=0, select bank0
  1048  0041  1283               	bsf	(60/8),(60)&7	;volatile
  1049  0042  1607               	line	120
  1050                           ;user.c: 120:     RC4=0;
  1051                           	bcf	(60/8),(60)&7	;volatile
  1052  0043  1207               	line	124
  1053                           	
  1054                           i1l89:	
  1055  0044                     	return
  1056  0044  0008               	opt stack 0
  1057                           GLOBAL	__end_of_EdgeIntr
  1058                           	__end_of_EdgeIntr:
  1059  0045                     	signat	_EdgeIntr,89
  1060                           global	___latbits
  1061                           ___latbits	equ	0
  1062  0000                     	global	btemp
  1063                           	btemp set 05Eh
  1064  005E                     
  1065                           	DABS	1,94,2	;btemp
  1066                           	global	wtemp0
  1067                           	wtemp0 set btemp+0
  1068  005E                     	end


Data Sizes:
    Strings     0
    Constant    1
    Data        0
    BSS         11
    Persistent  0
    Stack       0

Auto Spaces:
    Space          Size  Autos    Used
    COMMON            0      0       0
    BANK0            62      2      13

Pointer List with Targets:

    None.

Critical Paths under _main in COMMON

    None.

Critical Paths under _ISR in COMMON

    None.

Critical Paths under _main in BANK0

    None.

Critical Paths under _ISR in BANK0

    None.

Call Graph Tables:

 ---------------------------------------------------------------------------------
 (Depth) Function   	        Calls       Base Space   Used Autos Params    Refs
 ---------------------------------------------------------------------------------
 (0) _main                                                 0     0      0       0
                         _Initialise
 ---------------------------------------------------------------------------------
 (1) _Initialise                                           0     0      0       0
 ---------------------------------------------------------------------------------
 Estimated maximum stack depth 1
 ---------------------------------------------------------------------------------
 (Depth) Function   	        Calls       Base Space   Used Autos Params    Refs
 ---------------------------------------------------------------------------------
 (2) _ISR                                                  2     2      0       0
                                              0 BANK0      2     2      0
                           _EdgeIntr
 ---------------------------------------------------------------------------------
 (3) _EdgeIntr                                             0     0      0       0
 ---------------------------------------------------------------------------------
 Estimated maximum stack depth 3
 ---------------------------------------------------------------------------------

 Call Graph Graphs:

 _main (ROOT)
   _Initialise

 _ISR (ROOT)
   _EdgeIntr

 Address spaces:
Name               Size   Autos  Total    Cost      Usage
BITCOMMON            0      0       0       0        0.0%
EEDATA              80      0       0       0        0.0%
NULL                 0      0       0       0        0.0%
CODE                 0      0       0       0        0.0%
BITSFR0              0      0       0       1        0.0%
SFR0                 0      0       0       1        0.0%
COMMON               0      0       0       1        0.0%
BITSFR1              0      0       0       2        0.0%
SFR1                 0      0       0       2        0.0%
STACK                0      0       0       2        0.0%
BITBANK0            3E      0       0       3        0.0%
BANK0               3E      2       D       4       21.0%
ABS                  0      0       D       5        0.0%
DATA                 0      0       D       6        0.0%


Microchip Technology PIC Macro Assembler V2.00 build -1524193055 
Symbol Table                                                                                   Mon Oct 29 09:54:25 2018

                      l9 003F                        pc 0002              __CFG_CP$OFF 0000  
                     l10 003F                       l11 0040                       l12 0040  
                     l27 0035                       fsr 0004                      l820 0031  
                    l822 0032                      l814 0029                      l830 003D  
                    l824 0033                      l816 002F                      l832 003E  
                    l826 0034                      l818 0030                      _RA2 002A  
                    _RC1 0039                      _RC3 003B                      _RC4 003C  
                    _RC5 003D             __CFG_CPD$OFF 0000                      _ISR 001A  
           __CFG_FOSC$EC 0000               _EdgeDetect 0023                     ?_ISR 002B  
                   i1l89 0044                     _TMR0 0001                     _Data 0022  
                   _Sync 0027                     _main 003D                     btemp 005E  
                   start 000B                    ??_ISR 002B                    ?_main 002B  
          __CFG_WDTE$OFF 0000                    _CMCON 0019                    i1l124 0021  
                  i1l125 0021                    i1l900 001F                    i1l828 0041  
                  i1l896 001A                    i1l898 001E                    u30_20 001E  
                  u30_21 001D                    _TMR1H 000F                    _TMR1L 000E  
                  _PORTA 0005                    _TRISA 0085                    _TRISC 0087  
                  _Lamps 0024           __CFG_BOREN$OFF 0000                    pclath 000A  
                  status 0003         __end_of_EdgeIntr 0045                    wtemp0 005E  
         __CFG_MCLRE$OFF 0000          __initialization 000C             __end_of_main 0041  
             _Initialise 0029                   ??_main 0000           __CFG_PWRTE$OFF 0000  
                 saved_w 005E  __end_of__initialization 0018           __pcstackCOMMON 0000  
            ?_Initialise 002B                ?_EdgeIntr 002B           _OPTION_REGbits 0081  
             __pbssBANK0 0020               __pmaintext 003D               __pintentry 0004  
             ??_EdgeIntr 0000               __stringtab 0036                  _Address 0026  
                _BitData 0029      __size_of_Initialise 000D                  _BoxSize 0025  
                __ptext1 0029                  __ptext2 001A                  __ptext3 0041  
           __size_of_ISR 000F                _T1CONbits 0010     end_of_initialization 0018  
              _Addressed 0020                _DataState 0021             ??_Initialise 0000  
    start_initialization 000C              __end_of_ISR 0029        __size_of_EdgeIntr 0004  
     __end_of_Initialise 0036                _TickCount 002A      __end_of_BOX_ADDRESS 003D  
              ___latbits 0000            __pcstackBANK0 002B                __pstrings 0036  
      interrupt_function 0004              _BOX_ADDRESS 003C                 _PIE1bits 008C  
               _PIR1bits 000C              __stringbase 003B                 _EdgeIntr 0041  
               _BitCount 0028       __end_of__stringtab 003C            __size_of_main 0004  
             _INTCONbits 000B                 intlevel1 0000                stringcode 0036  
               stringdir 0036                 stringtab 0036  
